[    0.000000] Linux version 4.15.0-188-generic (buildd@lcy02-amd64-058) (gcc version 7.5.0 (Ubuntu 7.5.0-3ubuntu1~18.04)) #199-Ubuntu SMP Wed Jun 15 20:42:56 UTC 2022 (Ubuntu 4.15.0-188.199-generic 4.15.18)
[    0.000000] Command line: BOOT_IMAGE=/boot/vmlinuz-4.15.0-188-generic root=UUID=c3410204-d08d-4de1-869a-1ed4cec3f34a ro console=tty1 console=ttyS0
[    0.000000] KERNEL supported cpus:
[    0.000000]   Intel GenuineIntel
[    0.000000]   AMD AuthenticAMD
[    0.000000]   Centaur CentaurHauls
[    0.000000] x86/fpu: Supporting XSAVE feature 0x001: 'x87 floating point registers'
[    0.000000] x86/fpu: Supporting XSAVE feature 0x002: 'SSE registers'
[    0.000000] x86/fpu: Supporting XSAVE feature 0x004: 'AVX registers'
[    0.000000] x86/fpu: xstate_offset[2]:  576, xstate_sizes[2]:  256
[    0.000000] x86/fpu: Enabled xstate features 0x7, context size is 832 bytes, using 'standard' format.
[    0.000000] e820: BIOS-provided physical RAM map:
[    0.000000] BIOS-e820: [mem 0x0000000000000000-0x000000000009fbff] usable
[    0.000000] BIOS-e820: [mem 0x000000000009fc00-0x000000000009ffff] reserved
[    0.000000] BIOS-e820: [mem 0x00000000000f0000-0x00000000000fffff] reserved
[    0.000000] BIOS-e820: [mem 0x0000000000100000-0x000000007ffeffff] usable
[    0.000000] BIOS-e820: [mem 0x000000007fff0000-0x000000007fffffff] ACPI data
[    0.000000] BIOS-e820: [mem 0x00000000fec00000-0x00000000fec00fff] reserved
[    0.000000] BIOS-e820: [mem 0x00000000fee00000-0x00000000fee00fff] reserved
[    0.000000] BIOS-e820: [mem 0x00000000fffc0000-0x00000000ffffffff] reserved
[    0.000000] NX (Execute Disable) protection: active
[    0.000000] SMBIOS 2.5 present.
[    0.000000] DMI: innotek GmbH VirtualBox/VirtualBox, BIOS VirtualBox 12/01/2006
[    0.000000] Hypervisor detected: KVM
[    0.000000] e820: last_pfn = 0x7fff0 max_arch_pfn = 0x400000000
[    0.000000] MTRR: Disabled
[    0.000000] x86/PAT: MTRRs disabled, skipping PAT initialization too.
[    0.000000] CPU MTRRs all blank - virtualized system.
[    0.000000] x86/PAT: Configuration [0-7]: WB  WT  UC- UC  WB  WT  UC- UC  
[    0.000000] found SMP MP-table at [mem 0x0009fff0-0x0009ffff]
[    0.000000] Scanning 1 areas for low memory corruption
[    0.000000] RAMDISK: [mem 0x35819000-0x36c03fff]
[    0.000000] ACPI: Early table checksum verification disabled
[    0.000000] ACPI: RSDP 0x00000000000E0000 000024 (v02 VBOX  )
[    0.000000] ACPI: XSDT 0x000000007FFF0030 00003C (v01 VBOX   VBOXXSDT 00000001 ASL  00000061)
[    0.000000] ACPI: FACP 0x000000007FFF00F0 0000F4 (v04 VBOX   VBOXFACP 00000001 ASL  00000061)
[    0.000000] ACPI: DSDT 0x000000007FFF0470 0022EA (v02 VBOX   VBOXBIOS 00000002 INTL 20100528)
[    0.000000] ACPI: FACS 0x000000007FFF0200 000040
[    0.000000] ACPI: FACS 0x000000007FFF0200 000040
[    0.000000] ACPI: APIC 0x000000007FFF0240 00005C (v02 VBOX   VBOXAPIC 00000001 ASL  00000061)
[    0.000000] ACPI: SSDT 0x000000007FFF02A0 0001CC (v01 VBOX   VBOXCPUT 00000002 INTL 20100528)
[    0.000000] ACPI: Reserving FACP table memory at [mem 0x7fff00f0-0x7fff01e3]
[    0.000000] ACPI: Reserving DSDT table memory at [mem 0x7fff0470-0x7fff2759]
[    0.000000] ACPI: Reserving FACS table memory at [mem 0x7fff0200-0x7fff023f]
[    0.000000] ACPI: Reserving FACS table memory at [mem 0x7fff0200-0x7fff023f]
[    0.000000] ACPI: Reserving APIC table memory at [mem 0x7fff0240-0x7fff029b]
[    0.000000] ACPI: Reserving SSDT table memory at [mem 0x7fff02a0-0x7fff046b]
[    0.000000] No NUMA configuration found
[    0.000000] Faking a node at [mem 0x0000000000000000-0x000000007ffeffff]
[    0.000000] NODE_DATA(0) allocated [mem 0x7ffc5000-0x7ffeffff]
[    0.000000] kvm-clock: cpu 0, msr 0:7ff44001, primary cpu clock
[    0.000000] kvm-clock: Using msrs 4b564d01 and 4b564d00
[    0.000000] kvm-clock: using sched offset of 3360037140 cycles
[    0.000000] clocksource: kvm-clock: mask: 0xffffffffffffffff max_cycles: 0x1cd42e4dffb, max_idle_ns: 881590591483 ns
[    0.000000] Zone ranges:
[    0.000000]   DMA      [mem 0x0000000000001000-0x0000000000ffffff]
[    0.000000]   DMA32    [mem 0x0000000001000000-0x000000007ffeffff]
[    0.000000]   Normal   empty
[    0.000000]   Device   empty
[    0.000000] Movable zone start for each node
[    0.000000] Early memory node ranges
[    0.000000]   node   0: [mem 0x0000000000001000-0x000000000009efff]
[    0.000000]   node   0: [mem 0x0000000000100000-0x000000007ffeffff]
[    0.000000] Reserved but unavailable: 104 pages
[    0.000000] Initmem setup node 0 [mem 0x0000000000001000-0x000000007ffeffff]
[    0.000000] ACPI: PM-Timer IO Port: 0x4008
[    0.000000] IOAPIC[0]: apic_id 2, version 32, address 0xfec00000, GSI 0-23
[    0.000000] ACPI: INT_SRC_OVR (bus 0 bus_irq 0 global_irq 2 dfl dfl)
[    0.000000] ACPI: INT_SRC_OVR (bus 0 bus_irq 9 global_irq 9 low level)
[    0.000000] Using ACPI (MADT) for SMP configuration information
[    0.000000] smpboot: Allowing 2 CPUs, 0 hotplug CPUs
[    0.000000] PM: Registered nosave memory: [mem 0x00000000-0x00000fff]
[    0.000000] PM: Registered nosave memory: [mem 0x0009f000-0x0009ffff]
[    0.000000] PM: Registered nosave memory: [mem 0x000a0000-0x000effff]
[    0.000000] PM: Registered nosave memory: [mem 0x000f0000-0x000fffff]
[    0.000000] e820: [mem 0x80000000-0xfebfffff] available for PCI devices
[    0.000000] Booting paravirtualized kernel on KVM
[    0.000000] clocksource: refined-jiffies: mask: 0xffffffff max_cycles: 0xffffffff, max_idle_ns: 7645519600211568 ns
[    0.000000] random: get_random_bytes called from start_kernel+0x99/0x500 with crng_init=0
[    0.000000] setup_percpu: NR_CPUS:8192 nr_cpumask_bits:2 nr_cpu_ids:2 nr_node_ids:1
[    0.000000] percpu: Embedded 50 pages/cpu s167936 r8192 d28672 u1048576
[    0.000000] PV qspinlock hash table entries: 256 (order: 0, 4096 bytes)
[    0.000000] Built 1 zonelists, mobility grouping on.  Total pages: 515961
[    0.000000] Policy zone: DMA32
[    0.000000] Kernel command line: BOOT_IMAGE=/boot/vmlinuz-4.15.0-188-generic root=UUID=c3410204-d08d-4de1-869a-1ed4cec3f34a ro console=tty1 console=ttyS0
[    0.000000] Memory: 2013972K/2096696K available (12300K kernel code, 2484K rwdata, 4324K rodata, 2468K init, 2724K bss, 82724K reserved, 0K cma-reserved)
[    0.000000] SLUB: HWalign=64, Order=0-3, MinObjects=0, CPUs=2, Nodes=1
[    0.000000] ftrace: allocating 39513 entries in 155 pages
[    0.004000] Hierarchical RCU implementation.
[    0.004000] 	RCU restricting CPUs from NR_CPUS=8192 to nr_cpu_ids=2.
[    0.004000] 	Tasks RCU enabled.
[    0.004000] RCU: Adjusting geometry for rcu_fanout_leaf=16, nr_cpu_ids=2
[    0.004000] NR_IRQS: 524544, nr_irqs: 440, preallocated irqs: 16
[    0.004000] Console: colour VGA+ 80x25
[    0.004000] console [tty1] enabled
[    0.004000] console [ttyS0] enabled
[    0.004000] ACPI: Core revision 20170831
[    0.004000] ACPI: 2 ACPI AML tables successfully acquired and loaded
[    0.004000] APIC: Switch to symmetric I/O mode setup
[    0.004000] x2apic enabled
[    0.004000] Switched APIC routing to physical x2apic.
[    0.004000] ..TIMER: vector=0x30 apic1=0 pin1=2 apic2=-1 pin2=-1
[    0.004004] tsc: Detected 2495.998 MHz processor
[    0.004612] Calibrating delay loop (skipped) preset value.. 4991.99 BogoMIPS (lpj=9983992)
[    0.005308] pid_max: default: 32768 minimum: 301
[    0.006104] Security Framework initialized
[    0.006674] Yama: becoming mindful.
[    0.008025] AppArmor: AppArmor initialized
[    0.011139] Dentry cache hash table entries: 262144 (order: 9, 2097152 bytes)
[    0.012040] Inode-cache hash table entries: 131072 (order: 8, 1048576 bytes)
[    0.012974] Mount-cache hash table entries: 4096 (order: 3, 32768 bytes)
[    0.016006] Mountpoint-cache hash table entries: 4096 (order: 3, 32768 bytes)
[    0.017217] Last level iTLB entries: 4KB 64, 2MB 8, 4MB 8
[    0.017923] Last level dTLB entries: 4KB 64, 2MB 0, 4MB 0, 1GB 4
[    0.018701] Spectre V1 : Mitigation: usercopy/swapgs barriers and __user pointer sanitization
[    0.019792] unchecked MSR access error: WRMSR to 0x48 (tried to write 0x0000000000000001) at rIP: 0xffffffff9346e1b8 (native_write_msr+0x8/0x30)
[    0.020003] Call Trace:
[    0.020359]  wrmsrl+0x16/0x20
[    0.020779]  check_bugs+0x2e3/0xa61
[    0.021259]  ? delayacct_init+0x52/0x70
[    0.021774]  start_kernel+0x4b8/0x500
[    0.022353]  x86_64_start_reservations+0x24/0x26
[    0.024003]  x86_64_start_kernel+0x74/0x77
[    0.024541]  secondary_startup_64+0xa5/0xb0
[    0.025095] Spectre V2 : Mitigation: Enhanced IBRS
[    0.025707] Spectre V2 : Spectre v2 / SpectreRSB mitigation: Filling RSB on context switch
[    0.026757] Speculative Store Bypass: Vulnerable
[    0.027456] MMIO Stale Data: Mitigation: Clear CPU buffers
[    0.028003] SRBDS: Unknown: Dependent on hypervisor status
[    0.028838] Freeing SMP alternatives memory: 36K
[    0.139006] smpboot: CPU0: Intel(R) Core(TM) i5-10300H CPU @ 2.50GHz (family: 0x6, model: 0xa5, stepping: 0x2)
[    0.140000] Performance Events: unsupported p6 CPU model 165 no PMU driver, software events only.
[    0.140000] Hierarchical SRCU implementation.
[    0.140000] NMI watchdog: Perf event create on CPU 0 failed with -2
[    0.140001] NMI watchdog: Perf NMI watchdog permanently disabled
[    0.140904] smp: Bringing up secondary CPUs ...
[    0.141573] x86: Booting SMP configuration:
[    0.142101] .... node  #0, CPUs:      #1
[    0.004000] kvm-clock: cpu 1, msr 0:7ff44041, secondary cpu clock
[    0.146251] smp: Brought up 1 node, 2 CPUs
[    0.146251] smpboot: Max logical packages: 1
[    0.146251] smpboot: Total of 2 processors activated (9983.99 BogoMIPS)
[    0.148116] devtmpfs: initialized
[    0.148523] x86/mm: Memory block size: 128MB
[    0.149207] evm: security.selinux
[    0.149706] evm: security.SMACK64
[    0.150147] evm: security.SMACK64EXEC
[    0.150626] evm: security.SMACK64TRANSMUTE
[    0.151151] evm: security.SMACK64MMAP
[    0.152002] evm: security.apparmor
[    0.152453] evm: security.ima
[    0.152895] evm: security.capability
[    0.153425] clocksource: jiffies: mask: 0xffffffff max_cycles: 0xffffffff, max_idle_ns: 7645041785100000 ns
[    0.153425] futex hash table entries: 512 (order: 3, 32768 bytes)
[    0.156027] pinctrl core: initialized pinctrl subsystem
[    0.156757] RTC time: 11:53:14, date: 07/04/22
[    0.157445] NET: Registered protocol family 16
[    0.158095] audit: initializing netlink subsys (disabled)
[    0.158790] audit: type=2000 audit(1656935599.230:1): state=initialized audit_enabled=0 res=1
[    0.160010] cpuidle: using governor ladder
[    0.160551] cpuidle: using governor menu
[    0.161084] ACPI: bus type PCI registered
[    0.161645] acpiphp: ACPI Hot Plug PCI Controller Driver version: 0.5
[    0.162526] PCI: Using configuration type 1 for base access
[    0.164025] HugeTLB registered 2.00 MiB page size, pre-allocated 0 pages
[    0.168049] ACPI: Added _OSI(Module Device)
[    0.168589] ACPI: Added _OSI(Processor Device)
[    0.169161] ACPI: Added _OSI(3.0 _SCP Extensions)
[    0.169803] ACPI: Added _OSI(Processor Aggregator Device)
[    0.170486] ACPI: Added _OSI(Linux-Dell-Video)
[    0.171100] ACPI: Added _OSI(Linux-Lenovo-NV-HDMI-Audio)
[    0.171899] ACPI: Added _OSI(Linux-HPI-Hybrid-Graphics)
[    0.172229] ACPI: Executed 1 blocks of module-level executable AML code
[    0.175311] ACPI: Interpreter enabled
[    0.176009] ACPI: (supports S0 S5)
[    0.176500] ACPI: Using IOAPIC for interrupt routing
[    0.177371] PCI: Using host bridge windows from ACPI; if necessary, use "pci=nocrs" and report a bug
[    0.178639] ACPI: Enabled 2 GPEs in block 00 to 07
[    0.183760] ACPI: PCI Root Bridge [PCI0] (domain 0000 [bus 00-ff])
[    0.184005] acpi PNP0A03:00: _OSC: OS supports [ASPM ClockPM Segments MSI]
[    0.185639] acpi PNP0A03:00: _OSC: not requesting OS control; OS requires [ExtendedConfig ASPM ClockPM MSI]
[    0.186883] acpi PNP0A03:00: fail to add MMCONFIG information, can't access extended PCI configuration space under this bridge.
[    0.188252] PCI host bridge to bus 0000:00
[    0.188887] pci_bus 0000:00: root bus resource [io  0x0000-0x0cf7 window]
[    0.189724] pci_bus 0000:00: root bus resource [io  0x0d00-0xffff window]
[    0.190639] pci_bus 0000:00: root bus resource [mem 0x000a0000-0x000bffff window]
[    0.192002] pci_bus 0000:00: root bus resource [mem 0x80000000-0xfdffffff window]
[    0.193064] pci_bus 0000:00: root bus resource [bus 00-ff]
[    0.195407] pci 0000:00:01.1: legacy IDE quirk: reg 0x10: [io  0x01f0-0x01f7]
[    0.196003] pci 0000:00:01.1: legacy IDE quirk: reg 0x14: [io  0x03f6]
[    0.196809] pci 0000:00:01.1: legacy IDE quirk: reg 0x18: [io  0x0170-0x0177]
[    0.197816] pci 0000:00:01.1: legacy IDE quirk: reg 0x1c: [io  0x0376]
[    0.218092] pci 0000:00:07.0: quirk: [io  0x4000-0x403f] claimed by PIIX4 ACPI
[    0.219065] pci 0000:00:07.0: quirk: [io  0x4100-0x410f] claimed by PIIX4 SMB
[    0.232297] ACPI: PCI Interrupt Link [LNKA] (IRQs 5 9 10 *11)
[    0.233400] ACPI: PCI Interrupt Link [LNKB] (IRQs 5 9 *10 11)
[    0.234200] ACPI: PCI Interrupt Link [LNKC] (IRQs 5 *9 10 11)
[    0.235117] ACPI: PCI Interrupt Link [LNKD] (IRQs 5 9 10 *11)
[    0.236003] SCSI subsystem initialized
[    0.236563] pci 0000:00:02.0: vgaarb: setting as boot VGA device
[    0.236751] pci 0000:00:02.0: vgaarb: VGA device added: decodes=io+mem,owns=io+mem,locks=none
[    0.238021] pci 0000:00:02.0: vgaarb: bridge control possible
[    0.238799] vgaarb: loaded
[    0.239229] ACPI: bus type USB registered
[    0.240041] usbcore: registered new interface driver usbfs
[    0.240742] usbcore: registered new interface driver hub
[    0.241456] usbcore: registered new device driver usb
[    0.242167] EDAC MC: Ver: 3.0.0
[    0.242167] PCI: Using ACPI for IRQ routing
[    0.244229] NetLabel: Initializing
[    0.244795] NetLabel:  domain hash size = 128
[    0.245366] NetLabel:  protocols = UNLABELED CIPSOv4 CALIPSO
[    0.246128] NetLabel:  unlabeled traffic allowed by default
[    0.246873] clocksource: Switched to clocksource kvm-clock
[    0.258366] VFS: Disk quotas dquot_6.6.0
[    0.258942] VFS: Dquot-cache hash table entries: 512 (order 0, 4096 bytes)
[    0.259915] AppArmor: AppArmor Filesystem Enabled
[    0.260576] pnp: PnP ACPI init
[    0.261752] pnp: PnP ACPI: found 3 devices
[    0.270056] clocksource: acpi_pm: mask: 0xffffff max_cycles: 0xffffff, max_idle_ns: 2085701024 ns
[    0.271233] NET: Registered protocol family 2
[    0.271856] IP idents hash table entries: 32768 (order: 6, 262144 bytes)
[    0.272950] TCP established hash table entries: 16384 (order: 5, 131072 bytes)
[    0.273909] TCP bind hash table entries: 16384 (order: 6, 262144 bytes)
[    0.276706] TCP: Hash tables configured (established 16384 bind 16384)
[    0.277795] UDP hash table entries: 1024 (order: 3, 32768 bytes)
[    0.278551] UDP-Lite hash table entries: 1024 (order: 3, 32768 bytes)
[    0.279376] NET: Registered protocol family 1
[    0.279979] pci 0000:00:00.0: Limiting direct PCI/PCI transfers
[    0.280765] pci 0000:00:01.0: Activating ISA DMA hang workarounds
[    0.281565] pci 0000:00:02.0: Video device with shadowed ROM at [mem 0x000c0000-0x000dffff]
[    0.282713] Unpacking initramfs...
[    0.570009] Freeing initrd memory: 20396K
[    0.570666] clocksource: tsc: mask: 0xffffffffffffffff max_cycles: 0x23fa754787d, max_idle_ns: 440795210092 ns
[    0.571955] platform rtc_cmos: registered platform RTC device (no PNP device found)
[    0.572996] Scanning for low memory corruption every 60 seconds
[    0.574249] Initialise system trusted keyrings
[    0.574859] Key type blacklist registered
[    0.575465] workingset: timestamp_bits=36 max_order=19 bucket_order=0
[    0.576922] zbud: loaded
[    0.577567] squashfs: version 4.0 (2009/01/31) Phillip Lougher
[    0.578442] fuse init (API version 7.26)
[    0.580640] Key type asymmetric registered
[    0.581192] Asymmetric key parser 'x509' registered
[    0.581861] Block layer SCSI generic (bsg) driver version 0.4 loaded (major 246)
[    0.582878] io scheduler noop registered
[    0.583404] io scheduler deadline registered
[    0.584033] io scheduler cfq registered (default)
[    0.584889] ACPI: AC Adapter [AC] (on-line)
[    0.585490] input: Power Button as /devices/LNXSYSTM:00/LNXPWRBN:00/input/input0
[    0.586508] ACPI: Power Button [PWRF]
[    0.587063] input: Sleep Button as /devices/LNXSYSTM:00/LNXSLPBN:00/input/input1
[    0.588041] ACPI: Sleep Button [SLPF]
[    0.589282] ACPI: Battery Slot [BAT0] (battery present)
[    0.590073] Serial: 8250/16550 driver, 32 ports, IRQ sharing enabled
[    0.611518] 00:02: ttyS0 at I/O 0x3f8 (irq = 4, base_baud = 115200) is a 16550A
[    0.617515] Linux agpgart interface v0.103
[    0.619315] loop: module loaded
[    0.620211] scsi host0: ata_piix
[    0.620747] scsi host1: ata_piix
[    0.621217] ata1: PATA max UDMA/33 cmd 0x1f0 ctl 0x3f6 bmdma 0xd000 irq 14
[    0.622073] ata2: PATA max UDMA/33 cmd 0x170 ctl 0x376 bmdma 0xd008 irq 15
[    0.623395] tun: Universal TUN/TAP device driver, 1.6
[    0.624208] PPP generic driver version 2.4.2
[    0.624860] ehci_hcd: USB 2.0 'Enhanced' Host Controller (EHCI) Driver
[    0.625707] ehci-pci: EHCI PCI platform driver
[    0.626318] ehci-platform: EHCI generic platform driver
[    0.627001] ohci_hcd: USB 1.1 'Open' Host Controller (OHCI) Driver
[    0.627787] ohci-pci: OHCI PCI platform driver
[    0.628427] ohci-platform: OHCI generic platform driver
[    0.629152] uhci_hcd: USB Universal Host Controller Interface driver
[    0.630109] i8042: PNP: PS/2 Controller [PNP0303:PS2K,PNP0f03:PS2M] at 0x60,0x64 irq 1,12
[    0.631603] serio: i8042 KBD port at 0x60,0x64 irq 1
[    0.632313] serio: i8042 AUX port at 0x60,0x64 irq 12
[    0.633114] mousedev: PS/2 mouse device common for all mice
[    0.634316] input: AT Translated Set 2 keyboard as /devices/platform/i8042/serio0/input/input2
[    0.635689] rtc_cmos rtc_cmos: rtc core: registered rtc_cmos as rtc0
[    0.636619] rtc_cmos rtc_cmos: alarms up to one day, 114 bytes nvram
[    0.637442] i2c /dev entries driver
[    0.637976] device-mapper: uevent: version 1.0.3
[    0.638685] device-mapper: ioctl: 4.37.0-ioctl (2017-09-20) initialised: dm-devel@redhat.com
[    0.639859] ledtrig-cpu: registered to indicate activity on CPUs
[    0.640878] NET: Registered protocol family 10
[    0.644172] Segment Routing with IPv6
[    0.644715] NET: Registered protocol family 17
[    0.645352] Key type dns_resolver registered
[    0.646073] mce: Using 0 MCE banks
[    0.646551] RAS: Correctable Errors collector initialized.
[    0.647344] sched_clock: Marking stable (646053755, 0)->(784812101, -138758346)
[    0.648726] registered taskstats version 1
[    0.649289] Loading compiled-in X.509 certificates
[    0.651508] Loaded X.509 cert 'Build time autogenerated kernel key: b66dc1acf13a39763c2531b24acc94c778f61d5e'
[    0.653195] Loaded X.509 cert 'Canonical Ltd. Live Patch Signing: 14df34d1a87cf37625abec039ef2bf521249b969'
[    0.655306] Loaded X.509 cert 'Canonical Ltd. Kernel Module Signing: 88f752e560a1e0737e31163a466ad7b70a850c19'
[    0.656708] blacklist: Loading compiled-in revocation X.509 certificates
[    0.657578] Loaded X.509 cert 'Canonical Ltd. Secure Boot Signing: 61482aa2830d0ab2ad5af10b7250da9033ddcef0'
[    0.658825] zswap: loaded using pool lzo/zbud
[    0.662165] Key type big_key registered
[    0.662707] Key type trusted registered
[    0.664248] Key type encrypted registered
[    0.664785] AppArmor: AppArmor sha1 policy hashing enabled
[    0.665540] ima: No TPM chip found, activating TPM-bypass! (rc=-19)
[    0.666392] ima: Allocated hash algorithm: sha1
[    0.667044] evm: HMAC attrs: 0x1
[    0.667743]   Magic number: 14:809:882
[    0.668387] rtc_cmos rtc_cmos: setting system clock to 2022-07-04 11:53:15 UTC (1656935595)
[    0.669544] BIOS EDD facility v0.16 2004-Jun-25, 0 devices found
[    0.670327] EDD information not available.
[    0.783570] Freeing unused kernel image memory: 2468K
[    0.811671] Write protecting the kernel read-only data: 20480k
[    0.813562] Freeing unused kernel image memory: 2008K
[    0.814838] Freeing unused kernel image memory: 1820K
[    0.824340] x86/mm: Checked W+X mappings: passed, no W+X pages found.
Loading, please wait...
starting version 237
[    0.869746] Fusion MPT base driver 3.04.20
[    0.870452] Copyright (c) 1999-2008 LSI Corporation
[    0.871445] e1000: Intel(R) PRO/1000 Network Driver - version 7.3.21-k8-NAPI
[    0.872608] e1000: Copyright (c) 1999-2006 Intel Corporation.
[    0.882331] Fusion MPT SPI Host driver 3.04.20
[    0.885273] AVX2 version of gcm_enc/dec engaged.
[    0.885959] AES CTR mode by8 optimization enabled
[    1.079281] input: ImExPS/2 Generic Explorer Mouse as /devices/platform/i8042/serio1/input/input4
[    1.260488] e1000 0000:00:03.0 eth0: (PCI:33MHz:32-bit) 02:3b:ab:4a:a3:42
[    1.261464] e1000 0000:00:03.0 eth0: Intel(R) PRO/1000 Network Connection
[    1.628229] e1000 0000:00:08.0 eth1: (PCI:33MHz:32-bit) 08:00:27:f5:bc:b4
[    1.629326] e1000 0000:00:08.0 eth1: Intel(R) PRO/1000 Network Connection
[    1.631720] e1000 0000:00:03.0 enp0s3: renamed from eth0
[    1.632536] mptbase: ioc0: Initiating bringup
[    1.649024] e1000 0000:00:08.0 enp0s8: renamed from eth1
[    1.736352] ioc0: LSI53C1030 A0: Capabilities={Initiator}
[    1.977590] scsi host2: ioc0: LSI53C1030 A0, FwRev=00000000h, Ports=1, MaxQ=256, IRQ=20
[    2.148502] scsi 2:0:0:0: Direct-Access     VBOX     HARDDISK         1.0  PQ: 0 ANSI: 5
[    2.490976] scsi target2:0:0: Beginning Domain Validation
[    2.493608] scsi target2:0:0: Domain Validation skipping write tests
[    2.495466] scsi target2:0:0: Ending Domain Validation
[    2.497101] scsi target2:0:0: asynchronous
[    2.498729] scsi 2:0:1:0: Direct-Access     VBOX     HARDDISK         1.0  PQ: 0 ANSI: 5
[    3.120201] scsi target2:0:1: Beginning Domain Validation
[    3.121600] random: fast init done
[    3.122194] scsi target2:0:1: Domain Validation skipping write tests
[    3.123274] scsi target2:0:1: Ending Domain Validation
[    3.124152] scsi target2:0:1: asynchronous
[    3.127845] random: systemd-udevd: uninitialized urandom read (16 bytes read)
[    3.127887] sd 2:0:0:0: Attached scsi generic sg0 type 0
[    3.128934] random: systemd-udevd: uninitialized urandom read (16 bytes read)
[    3.129926] sd 2:0:1:0: Attached scsi generic sg1 type 0
[    3.130770] random: systemd-udevd: uninitialized urandom read (16 bytes read)
[    3.132830] sd 2:0:0:0: [sda] 83886080 512-byte logical blocks: (42.9 GB/40.0 GiB)
[    3.134320] sd 2:0:1:0: [sdb] 20480 512-byte logical blocks: (10.5 MB/10.0 MiB)
[    3.135638] sd 2:0:0:0: [sda] Write Protect is off
[    3.136539] sd 2:0:1:0: [sdb] Write Protect is off
[    3.137617] sd 2:0:0:0: [sda] Incomplete mode parameter data
[    3.137694] sd 2:0:1:0: [sdb] Incomplete mode parameter data
[    3.138789] sd 2:0:0:0: [sda] Assuming drive cache: write through
[    3.139740] sd 2:0:1:0: [sdb] Assuming drive cache: write through
[    3.142614]  sda: sda1
[    3.143656] sd 2:0:0:0: [sda] Attached SCSI disk
[    3.144244] sd 2:0:1:0: [sdb] Attached SCSI disk
Begin: Loading essential drivers ... [    4.520685] raid6: sse2x1   gen() 13531 MB/s
[    4.568091] raid6: sse2x1   xor()  6613 MB/s
[    4.616038] raid6: sse2x2   gen() 16671 MB/s
[    4.664151] raid6: sse2x2   xor() 11121 MB/s
[    4.712488] raid6: sse2x4   gen() 17067 MB/s
[    4.760294] raid6: sse2x4   xor() 10828 MB/s
[    4.808105] raid6: avx2x1   gen() 28436 MB/s
[    4.856017] raid6: avx2x1   xor() 16340 MB/s
[    4.904263] raid6: avx2x2   gen() 33046 MB/s
[    4.952091] raid6: avx2x2   xor() 22086 MB/s
[    5.000368] raid6: avx2x4   gen() 36813 MB/s
[    5.048198] raid6: avx2x4   xor() 21524 MB/s
[    5.048890] raid6: using algorithm avx2x4 gen() 36813 MB/s
[    5.049710] raid6: .... xor() 21524 MB/s, rmw enabled
[    5.050366] raid6: using avx2x2 recovery algorithm
[    5.052154] xor: automatically using best checksumming function   avx       
[    5.053948] async_tx: api initialized (async)
done.
Begin: Running /scripts/init-premount ... done.
Begin: Mounting root file system ... Begin: Running /scripts/local-top ... done.
Begin: Running /scripts/local-premount ... [    5.087501] Btrfs loaded, crc32c=crc32c-intel
Scanning for Btrfs filesystems
done.
Begin: Will now check root file system ... fsck from util-linux 2.31.1
[/sbin/fsck.ext4 (1) -- /dev/sda1] fsck.ext4 -a -C0 /dev/sda1 
cloudimg-rootfs: clean, 189336/5120000 files, 1913695/10485499 blocks
done.
[    5.118995] EXT4-fs (sda1): mounted filesystem with ordered data mode. Opts: (null)
done.
Begin: Running /scripts/local-bottom ... done.
Begin: Running /scripts/init-bottom ... done.
[    5.258212] ip_tables: (C) 2000-2006 Netfilter Core Team
[    5.267666] systemd[1]: systemd 237 running in system mode. (+PAM +AUDIT +SELINUX +IMA +APPARMOR +SMACK +SYSVINIT +UTMP +LIBCRYPTSETUP +GCRYPT +GNUTLS +ACL +XZ +LZ4 +SECCOMP +BLKID +ELFUTILS +KMOD -IDN2 +IDN -PCRE2 default-hierarchy=hybrid)
[    5.270437] systemd[1]: Detected virtualization oracle.
[    5.271126] systemd[1]: Detected architecture x86-64.

Welcome to [1mUbuntu 18.04.6 LTS[0m!

[    5.276374] systemd[1]: Set hostname to <ubuntu-bionic>.
[    5.481227] systemd[1]: Created slice User and Session Slice.
[[0;32m  OK  [0m] Created slice User and Session Slice.
[    5.482945] systemd[1]: Reached target User and Group Name Lookups.
[[0;32m  OK  [0m] Reached target User and Group Name Lookups.
[    5.484792] systemd[1]: Reached target Swap.
[[0;32m  OK  [0m] Reached target Swap.
[    5.486183] systemd[1]: Created slice System Slice.
[[0;32m  OK  [0m] Created slice System Slice.
[    5.487500] systemd[1]: Listening on fsck to fsckd communication Socket.
[[0;32m  OK  [0m] Listening on fsck to fsckd communication Socket.
[    5.489191] systemd[1]: Listening on Network Service Netlink Socket.
[[0;32m  OK  [0m] Listening on Network Service Netlink Socket.
[[0;32m  OK  [0m] Listening on LVM2 poll daemon socket.
[[0;32m  OK  [0m] Listening on /dev/initctl Compatibility Named Pipe.
[[0;32m  OK  [0m] Listening on Journal Socket (/dev/log).
[[0;32m  OK  [0m] Listening on udev Control Socket.
[[0;32m  OK  [0m] Reached target Slices.
[[0;32m  OK  [0m] Set up automount Arbitrary Executab…rmats File System Automount Point.
[[0;32m  OK  [0m] Listening on Device-mapper event daemon FIFOs.
[[0;32m  OK  [0m] Created slice system-serial\x2dgetty.slice.
[[0;32m  OK  [0m] Listening on Syslog Socket.
[[0;32m  OK  [0m] Reached target System Time Synchronized.
[[0;32m  OK  [0m] Listening on udev Kernel Socket.
[[0;32m  OK  [0m] Listening on LVM2 metadata daemon socket.
[[0;32m  OK  [0m] Listening on Journal Audit Socket.
[[0;32m  OK  [0m] Listening on Journal Socket.
         Starting Create list of required st…ce nodes for the current kernel...
         Starting Uncomplicated firewall...
         Starting Monitoring of LVM2 mirrors…ng dmeventd or progress polling...
         Mounting POSIX Message Queue File System...
         Starting udev Coldplug all Devices...
         Starting Remount Root and Kernel File Systems...
         Starting Journal Service...
         Mounting Huge Pages File System...
         Mounting Kernel Debug File System...
         Starting Set the console keyboard layout...
[[0;32m  OK  [0m] Started Forward Password Requests to Wall Directory Watch.
         Starting Load Kernel Modules...
[[0;32m  OK  [0m] Started Journal Service.
[[0;32m  OK  [0m] Started Create list of required sta…vice nodes for the current kernel.
[[0;32m  OK  [0m] Started Uncomplicated firewall.
[[0;32m  OK  [0m] Mounted POSIX Message Queue File System.
[[0;32m  OK  [0m] Mounted Huge Pages File System.
[[0;32m  OK  [0m] Mounted Kernel Debug File System.
[    5.579858] EXT4-fs (sda1): re-mounted. Opts: (null)
[[0;32m  OK  [0m] Started Remount Root and Kernel File Systems.
[[0;32m  OK  [0m] Started LVM2 metadata daemon.
         Starting Load/Save Random Seed...
         Starting Create Static Device Nodes in /dev...
         Starting Flush Journal to Persistent Storage...
[[0;32m  OK  [0m] Started udev Coldplug all Devices.
[    5.622290] Loading iSCSI transport class v2.0-870.
[    5.627671] iscsi: registered transport (tcp)
[    5.640850] iscsi: registered transport (iser)
[[0;32m  OK  [0m] Started Load Kernel Modules.
         Mounting Kernel Configuration File System...
         Mounting FUSE Control File System...
         Starting Apply Kernel Variables...
[[0;32m  OK  [0m] Mounted Kernel Configuration File System.
[[0;32m  OK  [0m] Started Load/Save Random Seed.
[[0;32m  OK  [0m] Mounted FUSE Control File System.
[[0;32m  OK  [0m] Started Create Static Device Nodes in /dev.
         Starting udev Kernel Device Manager...
[    5.666527] systemd-journald[414]: Received request to flush runtime journal from PID 1
[[0;32m  OK  [0m] Started Monitoring of LVM2 mirrors,…sing dmeventd or progress polling.
[[0;32m  OK  [0m] Started udev Kernel Device Manager.
[[0;32m  OK  [0m] Started Apply Kernel Variables.
[[0;32m  OK  [0m] Started Set the console keyboard layout.
[[0;32m  OK  [0m] Reached target Local File Systems (Pre).
[[0;32m  OK  [0m] Reached target Local File Systems.
         Starting Set console font and keymap...
         Starting ebtables ruleset management...
         Starting Tell Plymouth To Write Out Runtime Data...
         Starting AppArmor initialization...
[[0;32m  OK  [0m] Started Dispatch Password Requests to Console Directory Watch.
[[0;32m  OK  [0m] Reached target Local Encrypted Volumes.
[[0;32m  OK  [0m] Started Set console font and keymap.
[[0;32m  OK  [0m] Started Tell Plymouth To Write Out Runtime Data.
[[0;32m  OK  [0m] Found device /dev/ttyS0.
[[0;32m  OK  [0m] Listening on Load/Save RF Kill Switch Status /dev/rfkill Watch.
[[0;32m  OK  [0m] Started Flush Journal to Persistent Storage.
         Starting Create Volatile Files and Directories...
[[0;32m  OK  [0m] Started Create Volatile Files and Directories.
         Starting Update UTMP about System Boot/Shutdown...
[[0;32m  OK  [0m] Started Update UTMP about System Boot/Shutdown.
[[0;32m  OK  [0m] Started ebtables ruleset management.
[[0;32m  OK  [0m] Started AppArmor initialization.
         Starting Load AppArmor profiles managed internally by snapd...
         Starting Initial cloud-init job (pre-networking)...
[[0;32m  OK  [0m] Started Load AppArmor profiles managed internally by snapd.
[    7.141144] cloud-init[583]: Cloud-init v. 22.2-0ubuntu1~18.04.3 running 'init-local' at Mon, 04 Jul 2022 11:53:21 +0000. Up 6.94 seconds.
[[0;32m  OK  [0m] Started Initial cloud-init job (pre-networking).
[[0;32m  OK  [0m] Reached target Network (Pre).
         Starting Network Service...
[[0;32m  OK  [0m] Started Network Service.
         Starting Wait for Network to be Configured...
         Starting Network Name Resolution...
[[0;32m  OK  [0m] Started Network Name Resolution.
[[0;32m  OK  [0m] Reached target Network.
[[0;32m  OK  [0m] Reached target Host and Network Name Lookups.
[[0;32m  OK  [0m] Started Wait for Network to be Configured.
         Starting Initial cloud-init job (metadata service crawler)...
[    8.696107] cloud-init[694]: Cloud-init v. 22.2-0ubuntu1~18.04.3 running 'init' at Mon, 04 Jul 2022 11:53:23 +0000. Up 8.57 seconds.
[    8.697392] cloud-init[694]: ci-info: +++++++++++++++++++++++++++++++++++++++++++++Net device info+++++++++++++++++++++++++++++++++++++++++++++
[    8.699152] cloud-init[694]: ci-info: +--------+------+------------------------------------------+---------------+--------+-------------------+
[    8.700490] cloud-init[694]: ci-info: | Device |  Up  |                 Address                  |      Mask     | Scope  |     Hw-Address    |
[    8.701888] cloud-init[694]: ci-info: +--------+------+------------------------------------------+---------------+--------+-------------------+
[    8.703578] cloud-init[694]: ci-info: | enp0s3 | True |                10.0.2.15                 | 255.255.255.0 | global | 02:3b:ab:4a:a3:42 |
[    8.708374] cloud-init[694]: ci-info: | enp0s3 | True |        fe80::3b:abff:fe4a:a342/64        |       .       |  link  | 02:3b:ab:4a:a3:42 |
[    8.720547] cloud-init[694]: ci-info: | enp0s8 | True |               192.168.1.25               | 255.255.255.0 | global | 08:00:27:f5:bc:b4 |
[    8.721898] cloud-init[694]: ci-info: | enp0s8 | True | 2804:431:cffe:4787:a00:27ff:fef5:bcb4/64 |       .       | global | 08:00:27:f5:bc:b4 |
[    8.723032] cloud-init[694]: ci-info: | enp0s8 | True |       fe80::a00:27ff:fef5:bcb4/64        |       .       |  link  | 08:00:27:f5:bc:b4 |
[    8.724410] cloud-init[694]: ci-info: |   lo   | True |                127.0.0.1                 |   255.0.0.0   |  host  |         .         |
[    8.725749] cloud-init[694]: ci-info: |   lo   | True |                 ::1/128                  |       .       |  host  |         .         |
[    8.727129] cloud-init[694]: ci-info: +--------+------+------------------------------------------+---------------+--------+-------------------+
[    8.728556] cloud-init[694]: ci-info: ++++++++++++++++++++++++++++Route IPv4 info+++++++++++++++++++++++++++++
[    8.729600] cloud-init[694]: ci-info: +-------+-------------+----------+-----------------+-----------+-------+
[    8.730698] cloud-init[694]: ci-info: | Route | Destination | Gateway  |     Genmask     | Interface | Flags |
[    8.731936] cloud-init[694]: ci-info: +-------+-------------+----------+-----------------+-----------+-------+
[    8.744682] cloud-init[694]: ci-info: |   0   |   0.0.0.0   | 10.0.2.2 |     0.0.0.0     |   enp0s3  |   UG  |
[    8.756463] cloud-init[694]: ci-info: |   1   |   10.0.2.0  | 0.0.0.0  |  255.255.255.0  |   enp0s3  |   U   |
[    8.757438] cloud-init[694]: ci-info: |   2   |   10.0.2.2  | 0.0.0.0  | 255.255.255.255 |   enp0s3  |   UH  |
[    8.758498] cloud-init[694]: ci-info: |   3   | 192.168.1.0 | 0.0.0.0  |  255.255.255.0  |   enp0s8  |   U   |
[    8.759459] cloud-init[694]: ci-info: +-------+-------------+----------+-----------------+-----------+-------+
[    8.760498] cloud-init[694]: ci-info: ++++++++++++++++++++++++++++++++++Route IPv6 info++++++++++++++++++++++++++++++++++
[    8.761701] cloud-init[694]: ci-info: +-------+-------------------------+---------------------------+-----------+-------+
[    8.762997] cloud-init[694]: ci-info: | Route |       Destination       |          Gateway          | Interface | Flags |
[    8.764274] cloud-init[694]: ci-info: +-------+-------------------------+---------------------------+-----------+-------+
[    8.765588] cloud-init[694]: ci-info: |   1   | 2804:431:cffe:4787::/64 |             ::            |   enp0s8  |   U   |
[    8.766820] cloud-init[694]: ci-info: |   2   | 2804:431:cffe:4787::/64 | fe80::dac6:78ff:fea3:1398 |   enp0s8  |   UG  |
[    8.768080] cloud-init[694]: ci-info: |   3   |        fe80::/64        |             ::            |   enp0s8  |   U   |
[    8.769395] cloud-init[694]: ci-info: |   4   |        fe80::/64        |             ::            |   enp0s3  |   U   |
[    8.770533] cloud-init[694]: ci-info: |   5   |           ::/0          | fe80::dac6:78ff:fea3:1398 |   enp0s8  |   UG  |
[    8.771578] cloud-init[694]: ci-info: |   7   |          local          |             ::            |   enp0s3  |   U   |
[    8.772698] cloud-init[694]: ci-info: |   8   |          local          |             ::            |   enp0s8  |   U   |
[    8.773760] cloud-init[694]: ci-info: |   9   |         ff00::/8        |             ::            |   enp0s8  |   U   |
[    8.774927] cloud-init[694]: ci-info: |   10  |         ff00::/8        |             ::            |   enp0s3  |   U   |
[    8.776211] cloud-init[694]: ci-info: +-------+-------------------------+---------------------------+-----------+-------+
[[0;32m  OK  [0m] Started Initial cloud-init job (metadata service crawler).
[[0;32m  OK  [0m] Reached target System Initialization.
         Starting LXD - unix socket.
[[0;32m  OK  [0m] Started ACPI Events Check.
[[0;32m  OK  [0m] Started Message of the Day.
[[0;32m  OK  [0m] Listening on Open-iSCSI iscsid Socket.
[[0;32m  OK  [0m] Listening on ACPID Listen Socket.
[[0;32m  OK  [0m] Started Ubuntu Advantage Timer for running repeated jobs.
         Starting Socket activation for snappy daemon.
[[0;32m  OK  [0m] Started Daily apt download activities.
[[0;32m  OK  [0m] Started Daily apt upgrade and clean activities.
[[0;32m  OK  [0m] Listening on cloud-init hotplug hook socket.
         Starting Docker Socket for the API.
[[0;32m  OK  [0m] Reached target Paths.
[[0;32m  OK  [0m] Started Discard unused blocks once a week.
[[0;32m  OK  [0m] Listening on UUID daemon activation socket.
[[0;32m  OK  [0m] Listening on D-Bus System Message Bus Socket.
[[0;32m  OK  [0m] Started Daily Cleanup of Temporary Directories.
[[0;32m  OK  [0m] Reached target Timers.
[[0;32m  OK  [0m] Reached target Network is Online.
         Starting Availability of block devices...
[[0;32m  OK  [0m] Reached target Remote File Systems (Pre).
[[0;32m  OK  [0m] Reached target Remote File Systems.
[[0;32m  OK  [0m] Reached target Cloud-config availability.
[[0;32m  OK  [0m] Listening on LXD - unix socket.
[[0;32m  OK  [0m] Listening on Socket activation for snappy daemon.
[[0;32m  OK  [0m] Listening on Docker Socket for the API.
[[0;32m  OK  [0m] Started Availability of block devices.
[[0;32m  OK  [0m] Reached target Sockets.
[[0;32m  OK  [0m] Reached target Basic System.
         Starting System Logging Service...
         Starting Message of the Day...
[[0;32m  OK  [0m] Started irqbalance daemon.
         Starting Accounts Service...
         Starting LSB: automatic crash report generation...
         Starting Ubuntu FAN network setup...
         Starting LSB: Record successful boot for GRUB...
         Starting containerd container runtime...
[[0;32m  OK  [0m] Started D-Bus System Message Bus.
         Starting Permit User Sessions...
         Starting LXD - container startup/shutdown...
         Starting Login Service...
[[0;32m  OK  [0m] Started Deferred execution scheduler.
         Starting OpenBSD Secure Shell server...
         Starting Snap Daemon...
[[0;32m  OK  [0m] Started Regular background program processing daemon.
         Starting Virtualbox guest utils...
[[0;32m  OK  [0m] Started FUSE filesystem for LXC.
         Starting Dispatcher daemon for systemd-networkd...
[[0;32m  OK  [0m] Started System Logging Service.
[[0;32m  OK  [0m] Started Permit User Sessions.
         Starting Hold until boot process finishes up...
         Starting Terminate Plymouth Boot Screen...
[[0;32m  OK  [0m] Started Hold until boot process finishes up.
[[0;32m  OK  [0m] Started Serial Getty on ttyS0.
         Starting Set console scheme...
[[0;32m  OK  [0m] Started Terminate Plymouth Boot Screen.
[[0;32m  OK  [0m] Started Set console scheme.
[[0;32m  OK  [0m] Started Login Service.
[[0;32m  OK  [0m] Started Unattended Upgrades Shutdown.
[[0;32m  OK  [0m] Created slice system-getty.slice.
[[0;32m  OK  [0m] Started Getty on tty1.
[[0;32m  OK  [0m] Reached target Login Prompts.
         Starting Authorization Manager...
[[0;32m  OK  [0m] Started LXD - container startup/shutdown.
[[0;32m  OK  [0m] Started LSB: automatic crash report generation.
[[0;32m  OK  [0m] Started OpenBSD Secure Shell server.
[[0;32m  OK  [0m] Started LSB: Record successful boot for GRUB.
[[0;32m  OK  [0m] Started Authorization Manager.
[[0;32m  OK  [0m] Started Accounts Service.
[[0;32m  OK  [0m] Started Ubuntu FAN network setup.
[[0;32m  OK  [0m] Started Virtualbox guest utils.
[[0;32m  OK  [0m] Started Dispatcher daemon for systemd-networkd.
[[0;32m  OK  [0m] Started containerd container runtime.
         Starting Docker Application Container Engine...
[[0;32m  OK  [0m] Started Snap Daemon.
         Starting Wait until snapd is fully seeded...
         Starting Time & Date Service...
[[0;32m  OK  [0m] Started Time & Date Service.
[[0;32m  OK  [0m] Started Wait until snapd is fully seeded.
         Starting Apply the settings specified in cloud-config...
[   11.386847] cloud-init[1495]: Cloud-init v. 22.2-0ubuntu1~18.04.3 running 'modules:config' at Mon, 04 Jul 2022 11:53:26 +0000. Up 11.20 seconds.
[[0;32m  OK  [0m] Started Apply the settings specified in cloud-config.
[[0;32m  OK  [0m] Started Message of the Day.
[[0;32m  OK  [0m] Started Docker Application Container Engine.
[[0;32m  OK  [0m] Reached target Multi-User System.
         Starting Execute cloud user/final scripts...
[[0;32m  OK  [0m] Reached target Graphical Interface.
         Starting Update UTMP about System Runlevel Changes...
[[0;32m  OK  [0m] Started Update UTMP about System Runlevel Changes.
[   12.630260] cloud-init[1828]: Cloud-init v. 22.2-0ubuntu1~18.04.3 running 'modules:final' at Mon, 04 Jul 2022 11:53:27 +0000. Up 12.52 seconds.
[   12.631724] cloud-init[1828]: Cloud-init v. 22.2-0ubuntu1~18.04.3 finished at Mon, 04 Jul 2022 11:53:27 +0000. Datasource DataSourceNoCloud [seed=/dev/sdb][dsmode=net].  Up 12.62 seconds
[[0;32m  OK  [0m] Started Execute cloud user/final scripts.
[[0;32m  OK  [0m] Reached target Cloud-init target.
         Starting Daily apt download activities...
[[0;32m  OK  [0m] Created slice User Slice of vagrant.
         Starting User Manager for UID 1000...
[[0;32m  OK  [0m] Started Session 1 of user vagrant.
[[0;32m  OK  [0m] Started User Manager for UID 1000.

Ubuntu 18.04.6 LTS ubuntu-bionic ttyS0

ubuntu-bionic login: 